2024-01-27 15:35:30,178 p=4226 u=ec2-user n=ansible | Decryption successful
2024-01-27 15:46:06,151 p=4283 u=ec2-user n=ansible | 172.31.30.14 | SUCCESS => {
    "ansible_facts": {
        "discovered_interpreter_python": "/usr/bin/python3"
    },
    "changed": false,
    "ping": "pong"
}
2024-01-27 15:46:08,787 p=4283 u=ec2-user n=ansible | 172.31.46.222 | SUCCESS => {
    "ansible_facts": {
        "discovered_interpreter_python": "/usr/bin/python3.7"
    },
    "changed": false,
    "ping": "pong"
}
2024-01-27 16:54:53,298 p=2714 u=ec2-user n=ansible | playbook: sites.yml
2024-01-27 17:10:44,626 p=2839 u=ec2-user n=ansible | PLAY [db] ***************************************************************************************************************************************************************************
2024-01-27 17:10:44,640 p=2839 u=ec2-user n=ansible | TASK [apache : Install httpd] *******************************************************************************************************************************************************
2024-01-27 17:10:59,955 p=2839 u=ec2-user n=ansible | changed: [172.31.46.222]
2024-01-27 17:10:59,959 p=2839 u=ec2-user n=ansible | TASK [apache : Start httpd daemon] **************************************************************************************************************************************************
2024-01-27 17:11:01,387 p=2839 u=ec2-user n=ansible | changed: [172.31.46.222]
2024-01-27 17:11:01,393 p=2839 u=ec2-user n=ansible | TASK [apache : Copy Index file to server] *******************************************************************************************************************************************
2024-01-27 17:11:01,603 p=2839 u=ec2-user n=ansible | An exception occurred during task execution. To see the full traceback, use -vvv. The error was: If you are using a module and expect the file to exist on the remote, see the remote_src option
2024-01-27 17:11:01,604 p=2839 u=ec2-user n=ansible | fatal: [172.31.46.222]: FAILED! => {"changed": false, "msg": "Could not find or access 'file/index.html'\nSearched in:\n\t/home/ec2-user/ansible-dev/roles/apache/files/file/index.html\n\t/home/ec2-user/ansible-dev/roles/apache/file/index.html\n\t/home/ec2-user/ansible-dev/roles/apache/tasks/files/file/index.html\n\t/home/ec2-user/ansible-dev/roles/apache/tasks/file/index.html\n\t/home/ec2-user/ansible-dev/files/file/index.html\n\t/home/ec2-user/ansible-dev/file/index.html on the Ansible Controller.\nIf you are using a module and expect the file to exist on the remote, see the remote_src option"}
2024-01-27 17:11:01,605 p=2839 u=ec2-user n=ansible | PLAY RECAP **************************************************************************************************************************************************************************
2024-01-27 17:11:01,606 p=2839 u=ec2-user n=ansible | 172.31.46.222              : ok=2    changed=2    unreachable=0    failed=1    skipped=0    rescued=0    ignored=0   
2024-01-27 17:42:49,552 p=3094 u=ec2-user n=ansible | PLAY [db] ***************************************************************************************************************************************************************************
2024-01-27 17:42:49,565 p=3094 u=ec2-user n=ansible | TASK [apache : Install httpd] *******************************************************************************************************************************************************
2024-01-27 17:42:52,116 p=3094 u=ec2-user n=ansible | ok: [172.31.46.222]
2024-01-27 17:42:52,119 p=3094 u=ec2-user n=ansible | TASK [apache : Start httpd daemon] **************************************************************************************************************************************************
2024-01-27 17:42:53,039 p=3094 u=ec2-user n=ansible | ok: [172.31.46.222]
2024-01-27 17:42:53,044 p=3094 u=ec2-user n=ansible | TASK [apache : Copy Index file to server] *******************************************************************************************************************************************
2024-01-27 17:42:53,992 p=3094 u=ec2-user n=ansible | changed: [172.31.46.222]
2024-01-27 17:42:54,000 p=3094 u=ec2-user n=ansible | TASK [system : Update server] *******************************************************************************************************************************************************
2024-01-27 17:42:57,071 p=3094 u=ec2-user n=ansible | ok: [172.31.46.222]
2024-01-27 17:42:57,078 p=3094 u=ec2-user n=ansible | RUNNING HANDLER [apache : Restart Apache] *******************************************************************************************************************************************
2024-01-27 17:42:58,689 p=3094 u=ec2-user n=ansible | changed: [172.31.46.222]
2024-01-27 17:42:58,694 p=3094 u=ec2-user n=ansible | PLAY RECAP **************************************************************************************************************************************************************************
2024-01-27 17:42:58,695 p=3094 u=ec2-user n=ansible | 172.31.46.222              : ok=5    changed=2    unreachable=0    failed=0    skipped=0    rescued=0    ignored=0   
2024-01-27 17:53:49,011 p=3311 u=ec2-user n=ansible | Starting galaxy role install process
2024-01-27 17:53:49,161 p=3311 u=ec2-user n=ansible | - downloading role 'java', owned by geerlingguy
2024-01-27 17:53:49,385 p=3311 u=ec2-user n=ansible | - downloading role from https://github.com/geerlingguy/ansible-role-java/archive/2.3.2.tar.gz
2024-01-27 17:53:49,500 p=3311 u=ec2-user n=ansible | - extracting geerlingguy.java to /home/ec2-user/ansible-dev/roles/geerlingguy.java
2024-01-27 17:53:49,505 p=3311 u=ec2-user n=ansible | - geerlingguy.java (2.3.2) was installed successfully
2024-01-27 18:08:11,491 p=3571 u=ec2-user n=ansible | 172.31.46.222 | SUCCESS => {
    "ansible_facts": {
        "ansible_all_ipv4_addresses": [
            "172.31.46.222"
        ],
        "ansible_all_ipv6_addresses": [
            "fe80::c62:6fff:fef0:7723"
        ],
        "ansible_apparmor": {
            "status": "disabled"
        },
        "ansible_architecture": "x86_64",
        "ansible_bios_date": "10/16/2017",
        "ansible_bios_vendor": "Amazon EC2",
        "ansible_bios_version": "1.0",
        "ansible_board_asset_tag": "i-062ea1ae25fa659a9",
        "ansible_board_name": "NA",
        "ansible_board_serial": "NA",
        "ansible_board_vendor": "Amazon EC2",
        "ansible_board_version": "NA",
        "ansible_chassis_asset_tag": "Amazon EC2",
        "ansible_chassis_serial": "NA",
        "ansible_chassis_vendor": "Amazon EC2",
        "ansible_chassis_version": "NA",
        "ansible_cmdline": {
            "BOOT_IMAGE": "/boot/vmlinuz-4.14.336-253.554.amzn2.x86_64",
            "biosdevname": "0",
            "console": "ttyS0,115200n8",
            "net.ifnames": "0",
            "nvme_core.io_timeout": "4294967295",
            "rd.emergency": "poweroff",
            "rd.shell": "0",
            "ro": true,
            "root": "UUID=ec69ceb8-312b-4316-83c6-ad664a88eb7a"
        },
        "ansible_date_time": {
            "date": "2024-01-27",
            "day": "27",
            "epoch": "1706378891",
            "epoch_int": "1706378891",
            "hour": "18",
            "iso8601": "2024-01-27T18:08:11Z",
            "iso8601_basic": "20240127T180811421271",
            "iso8601_basic_short": "20240127T180811",
            "iso8601_micro": "2024-01-27T18:08:11.421271Z",
            "minute": "08",
            "month": "01",
            "second": "11",
            "time": "18:08:11",
            "tz": "UTC",
            "tz_dst": "UTC",
            "tz_offset": "+0000",
            "weekday": "Saturday",
            "weekday_number": "6",
            "weeknumber": "04",
            "year": "2024"
        },
        "ansible_default_ipv4": {
            "address": "172.31.46.222",
            "alias": "eth0",
            "broadcast": "172.31.47.255",
            "gateway": "172.31.32.1",
            "interface": "eth0",
            "macaddress": "0e:62:6f:f0:77:23",
            "mtu": 9001,
            "netmask": "255.255.240.0",
            "network": "172.31.32.0",
            "prefix": "20",
            "type": "ether"
        },
        "ansible_default_ipv6": {},
        "ansible_device_links": {
            "ids": {
                "nvme0n1": [
                    "nvme-Amazon_Elastic_Block_Store_vol05694a8a2b49e8be1",
                    "nvme-Amazon_Elastic_Block_Store_vol05694a8a2b49e8be1-ns-1",
                    "nvme-nvme.1d0f-766f6c3035363934613861326234396538626531-416d617a6f6e20456c617374696320426c6f636b2053746f7265-00000001"
                ],
                "nvme0n1p1": [
                    "nvme-Amazon_Elastic_Block_Store_vol05694a8a2b49e8be1-ns-1-part1",
                    "nvme-Amazon_Elastic_Block_Store_vol05694a8a2b49e8be1-part1",
                    "nvme-nvme.1d0f-766f6c3035363934613861326234396538626531-416d617a6f6e20456c617374696320426c6f636b2053746f7265-00000001-part1"
                ],
                "nvme0n1p128": [
                    "nvme-Amazon_Elastic_Block_Store_vol05694a8a2b49e8be1-ns-1-part128",
                    "nvme-Amazon_Elastic_Block_Store_vol05694a8a2b49e8be1-part128",
                    "nvme-nvme.1d0f-766f6c3035363934613861326234396538626531-416d617a6f6e20456c617374696320426c6f636b2053746f7265-00000001-part128"
                ]
            },
            "labels": {
                "nvme0n1p1": [
                    "\\x2f"
                ]
            },
            "masters": {},
            "uuids": {
                "nvme0n1p1": [
                    "ec69ceb8-312b-4316-83c6-ad664a88eb7a"
                ]
            }
        },
        "ansible_devices": {
            "nvme0n1": {
                "holders": [],
                "host": "Non-Volatile memory controller: Amazon.com, Inc. Device 8061",
                "links": {
                    "ids": [
                        "nvme-Amazon_Elastic_Block_Store_vol05694a8a2b49e8be1",
                        "nvme-Amazon_Elastic_Block_Store_vol05694a8a2b49e8be1-ns-1",
                        "nvme-nvme.1d0f-766f6c3035363934613861326234396538626531-416d617a6f6e20456c617374696320426c6f636b2053746f7265-00000001"
                    ],
                    "labels": [],
                    "masters": [],
                    "uuids": []
                },
                "model": "Amazon Elastic Block Store",
                "partitions": {
                    "nvme0n1p1": {
                        "holders": [],
                        "links": {
                            "ids": [
                                "nvme-Amazon_Elastic_Block_Store_vol05694a8a2b49e8be1-ns-1-part1",
                                "nvme-Amazon_Elastic_Block_Store_vol05694a8a2b49e8be1-part1",
                                "nvme-nvme.1d0f-766f6c3035363934613861326234396538626531-416d617a6f6e20456c617374696320426c6f636b2053746f7265-00000001-part1"
                            ],
                            "labels": [
                                "\\x2f"
                            ],
                            "masters": [],
                            "uuids": [
                                "ec69ceb8-312b-4316-83c6-ad664a88eb7a"
                            ]
                        },
                        "sectors": "16773087",
                        "sectorsize": 512,
                        "size": "8.00 GB",
                        "start": "4096",
                        "uuid": "ec69ceb8-312b-4316-83c6-ad664a88eb7a"
                    },
                    "nvme0n1p128": {
                        "holders": [],
                        "links": {
                            "ids": [
                                "nvme-Amazon_Elastic_Block_Store_vol05694a8a2b49e8be1-ns-1-part128",
                                "nvme-Amazon_Elastic_Block_Store_vol05694a8a2b49e8be1-part128",
                                "nvme-nvme.1d0f-766f6c3035363934613861326234396538626531-416d617a6f6e20456c617374696320426c6f636b2053746f7265-00000001-part128"
                            ],
                            "labels": [],
                            "masters": [],
                            "uuids": []
                        },
                        "sectors": "2048",
                        "sectorsize": 512,
                        "size": "1.00 MB",
                        "start": "2048",
                        "uuid": null
                    }
                },
                "removable": "0",
                "rotational": "0",
                "sas_address": null,
                "sas_device_handle": null,
                "scheduler_mode": "none",
                "sectors": "16777216",
                "sectorsize": "512",
                "serial": "vol05694a8a2b49e8be1",
                "size": "8.00 GB",
                "support_discard": "0",
                "vendor": null,
                "virtual": 1
            }
        },
        "ansible_distribution": "Amazon",
        "ansible_distribution_file_parsed": true,
        "ansible_distribution_file_path": "/etc/os-release",
        "ansible_distribution_file_variety": "Amazon",
        "ansible_distribution_major_version": "2",
        "ansible_distribution_minor_version": "NA",
        "ansible_distribution_release": "NA",
        "ansible_distribution_version": "2",
        "ansible_dns": {
            "nameservers": [
                "172.31.0.2"
            ],
            "options": {
                "attempts": "5",
                "timeout": "2"
            },
            "search": [
                "ec2.internal"
            ]
        },
        "ansible_domain": "ec2.internal",
        "ansible_effective_group_id": 1000,
        "ansible_effective_user_id": 1000,
        "ansible_env": {
            "HOME": "/home/ec2-user",
            "LANG": "en_US.UTF-8",
            "LESSOPEN": "||/usr/bin/lesspipe.sh %s",
            "LOGNAME": "ec2-user",
            "LS_COLORS": "rs=0:di=38;5;27:ln=38;5;51:mh=44;38;5;15:pi=40;38;5;11:so=38;5;13:do=38;5;5:bd=48;5;232;38;5;11:cd=48;5;232;38;5;3:or=48;5;232;38;5;9:mi=05;48;5;232;38;5;15:su=48;5;196;38;5;15:sg=48;5;11;38;5;16:ca=48;5;196;38;5;226:tw=48;5;10;38;5;16:ow=48;5;10;38;5;21:st=48;5;21;38;5;15:ex=38;5;34:*.tar=38;5;9:*.tgz=38;5;9:*.arc=38;5;9:*.arj=38;5;9:*.taz=38;5;9:*.lha=38;5;9:*.lz4=38;5;9:*.lzh=38;5;9:*.lzma=38;5;9:*.tlz=38;5;9:*.txz=38;5;9:*.tzo=38;5;9:*.t7z=38;5;9:*.zip=38;5;9:*.z=38;5;9:*.Z=38;5;9:*.dz=38;5;9:*.gz=38;5;9:*.lrz=38;5;9:*.lz=38;5;9:*.lzo=38;5;9:*.xz=38;5;9:*.bz2=38;5;9:*.bz=38;5;9:*.tbz=38;5;9:*.tbz2=38;5;9:*.tz=38;5;9:*.deb=38;5;9:*.rpm=38;5;9:*.jar=38;5;9:*.war=38;5;9:*.ear=38;5;9:*.sar=38;5;9:*.rar=38;5;9:*.alz=38;5;9:*.ace=38;5;9:*.zoo=38;5;9:*.cpio=38;5;9:*.7z=38;5;9:*.rz=38;5;9:*.cab=38;5;9:*.jpg=38;5;13:*.jpeg=38;5;13:*.gif=38;5;13:*.bmp=38;5;13:*.pbm=38;5;13:*.pgm=38;5;13:*.ppm=38;5;13:*.tga=38;5;13:*.xbm=38;5;13:*.xpm=38;5;13:*.tif=38;5;13:*.tiff=38;5;13:*.png=38;5;13:*.svg=38;5;13:*.svgz=38;5;13:*.mng=38;5;13:*.pcx=38;5;13:*.mov=38;5;13:*.mpg=38;5;13:*.mpeg=38;5;13:*.m2v=38;5;13:*.mkv=38;5;13:*.webm=38;5;13:*.ogm=38;5;13:*.mp4=38;5;13:*.m4v=38;5;13:*.mp4v=38;5;13:*.vob=38;5;13:*.qt=38;5;13:*.nuv=38;5;13:*.wmv=38;5;13:*.asf=38;5;13:*.rm=38;5;13:*.rmvb=38;5;13:*.flc=38;5;13:*.avi=38;5;13:*.fli=38;5;13:*.flv=38;5;13:*.gl=38;5;13:*.dl=38;5;13:*.xcf=38;5;13:*.xwd=38;5;13:*.yuv=38;5;13:*.cgm=38;5;13:*.emf=38;5;13:*.axv=38;5;13:*.anx=38;5;13:*.ogv=38;5;13:*.ogx=38;5;13:*.aac=38;5;45:*.au=38;5;45:*.flac=38;5;45:*.mid=38;5;45:*.midi=38;5;45:*.mka=38;5;45:*.mp3=38;5;45:*.mpc=38;5;45:*.ogg=38;5;45:*.ra=38;5;45:*.wav=38;5;45:*.axa=38;5;45:*.oga=38;5;45:*.spx=38;5;45:*.xspf=38;5;45:",
            "MAIL": "/var/mail/ec2-user",
            "PATH": "/usr/local/bin:/usr/bin",
            "PWD": "/home/ec2-user",
            "SHELL": "/bin/bash",
            "SHLVL": "2",
            "SSH_CLIENT": "172.31.45.103 34048 22",
            "SSH_CONNECTION": "172.31.45.103 34048 172.31.46.222 22",
            "SSH_TTY": "/dev/pts/1",
            "TERM": "xterm-256color",
            "USER": "ec2-user",
            "XDG_RUNTIME_DIR": "/run/user/1000",
            "XDG_SESSION_ID": "26",
            "_": "/usr/bin/python3.7"
        },
        "ansible_eth0": {
            "active": true,
            "device": "eth0",
            "features": {
                "esp_hw_offload": "off [fixed]",
                "esp_tx_csum_hw_offload": "off [fixed]",
                "fcoe_mtu": "off [fixed]",
                "generic_receive_offload": "on",
                "generic_segmentation_offload": "on",
                "highdma": "on",
                "hw_tc_offload": "off [fixed]",
                "l2_fwd_offload": "off [fixed]",
                "large_receive_offload": "off [fixed]",
                "loopback": "off [fixed]",
                "netns_local": "off [fixed]",
                "ntuple_filters": "off [fixed]",
                "receive_hashing": "on",
                "rx_all": "off [fixed]",
                "rx_checksumming": "off [fixed]",
                "rx_fcs": "off [fixed]",
                "rx_udp_tunnel_port_offload": "off [fixed]",
                "rx_vlan_filter": "off [fixed]",
                "rx_vlan_offload": "off [fixed]",
                "rx_vlan_stag_filter": "off [fixed]",
                "rx_vlan_stag_hw_parse": "off [fixed]",
                "scatter_gather": "on",
                "tcp_segmentation_offload": "off",
                "tx_checksum_fcoe_crc": "off [fixed]",
                "tx_checksum_ip_generic": "off [fixed]",
                "tx_checksum_ipv4": "on",
                "tx_checksum_ipv6": "on",
                "tx_checksum_sctp": "off [fixed]",
                "tx_checksumming": "on",
                "tx_esp_segmentation": "off [fixed]",
                "tx_fcoe_segmentation": "off [fixed]",
                "tx_gre_csum_segmentation": "off [fixed]",
                "tx_gre_segmentation": "off [fixed]",
                "tx_gso_partial": "off [fixed]",
                "tx_gso_robust": "off [fixed]",
                "tx_ipxip4_segmentation": "off [fixed]",
                "tx_ipxip6_segmentation": "off [fixed]",
                "tx_lockless": "off [fixed]",
                "tx_nocache_copy": "off",
                "tx_scatter_gather": "on",
                "tx_scatter_gather_fraglist": "off [fixed]",
                "tx_sctp_segmentation": "off [fixed]",
                "tx_tcp6_segmentation": "off [fixed]",
                "tx_tcp_ecn_segmentation": "off [fixed]",
                "tx_tcp_mangleid_segmentation": "off [fixed]",
                "tx_tcp_segmentation": "off [fixed]",
                "tx_udp_tnl_csum_segmentation": "off [fixed]",
                "tx_udp_tnl_segmentation": "off [fixed]",
                "tx_vlan_offload": "off [fixed]",
                "tx_vlan_stag_hw_insert": "off [fixed]",
                "udp_fragmentation_offload": "off",
                "vlan_challenged": "off [fixed]"
            },
            "hw_timestamp_filters": [],
            "ipv4": {
                "address": "172.31.46.222",
                "broadcast": "172.31.47.255",
                "netmask": "255.255.240.0",
                "network": "172.31.32.0",
                "prefix": "20"
            },
            "ipv6": [
                {
                    "address": "fe80::c62:6fff:fef0:7723",
                    "prefix": "64",
                    "scope": "link"
                }
            ],
            "macaddress": "0e:62:6f:f0:77:23",
            "module": "ena",
            "mtu": 9001,
            "pciid": "0000:00:05.0",
            "promisc": false,
            "timestamping": [
                "tx_software",
                "rx_software",
                "software"
            ],
            "type": "ether"
        },
        "ansible_fibre_channel_wwn": [],
        "ansible_fips": false,
        "ansible_form_factor": "Other",
        "ansible_fqdn": "ip-172-31-46-222.ec2.internal",
        "ansible_hostname": "ip-172-31-46-222",
        "ansible_hostnqn": "",
        "ansible_interfaces": [
            "eth0",
            "lo"
        ],
        "ansible_is_chroot": true,
        "ansible_iscsi_iqn": "",
        "ansible_kernel": "4.14.336-253.554.amzn2.x86_64",
        "ansible_kernel_version": "#1 SMP Fri Jan 12 09:58:17 UTC 2024",
        "ansible_lo": {
            "active": true,
            "device": "lo",
            "features": {
                "esp_hw_offload": "off [fixed]",
                "esp_tx_csum_hw_offload": "off [fixed]",
                "fcoe_mtu": "off [fixed]",
                "generic_receive_offload": "on",
                "generic_segmentation_offload": "on",
                "highdma": "on [fixed]",
                "hw_tc_offload": "off [fixed]",
                "l2_fwd_offload": "off [fixed]",
                "large_receive_offload": "off [fixed]",
                "loopback": "on [fixed]",
                "netns_local": "on [fixed]",
                "ntuple_filters": "off [fixed]",
                "receive_hashing": "off [fixed]",
                "rx_all": "off [fixed]",
                "rx_checksumming": "on [fixed]",
                "rx_fcs": "off [fixed]",
                "rx_udp_tunnel_port_offload": "off [fixed]",
                "rx_vlan_filter": "off [fixed]",
                "rx_vlan_offload": "off [fixed]",
                "rx_vlan_stag_filter": "off [fixed]",
                "rx_vlan_stag_hw_parse": "off [fixed]",
                "scatter_gather": "on",
                "tcp_segmentation_offload": "on",
                "tx_checksum_fcoe_crc": "off [fixed]",
                "tx_checksum_ip_generic": "on [fixed]",
                "tx_checksum_ipv4": "off [fixed]",
                "tx_checksum_ipv6": "off [fixed]",
                "tx_checksum_sctp": "on [fixed]",
                "tx_checksumming": "on",
                "tx_esp_segmentation": "off [fixed]",
                "tx_fcoe_segmentation": "off [fixed]",
                "tx_gre_csum_segmentation": "off [fixed]",
                "tx_gre_segmentation": "off [fixed]",
                "tx_gso_partial": "off [fixed]",
                "tx_gso_robust": "off [fixed]",
                "tx_ipxip4_segmentation": "off [fixed]",
                "tx_ipxip6_segmentation": "off [fixed]",
                "tx_lockless": "on [fixed]",
                "tx_nocache_copy": "off [fixed]",
                "tx_scatter_gather": "on [fixed]",
                "tx_scatter_gather_fraglist": "on [fixed]",
                "tx_sctp_segmentation": "on",
                "tx_tcp6_segmentation": "on",
                "tx_tcp_ecn_segmentation": "on",
                "tx_tcp_mangleid_segmentation": "on",
                "tx_tcp_segmentation": "on",
                "tx_udp_tnl_csum_segmentation": "off [fixed]",
                "tx_udp_tnl_segmentation": "off [fixed]",
                "tx_vlan_offload": "off [fixed]",
                "tx_vlan_stag_hw_insert": "off [fixed]",
                "udp_fragmentation_offload": "off",
                "vlan_challenged": "on [fixed]"
            },
            "hw_timestamp_filters": [],
            "ipv4": {
                "address": "127.0.0.1",
                "broadcast": "",
                "netmask": "255.0.0.0",
                "network": "127.0.0.0",
                "prefix": "8"
            },
            "ipv6": [
                {
                    "address": "::1",
                    "prefix": "128",
                    "scope": "host"
                }
            ],
            "mtu": 65536,
            "promisc": false,
            "timestamping": [
                "tx_software",
                "rx_software",
                "software"
            ],
            "type": "loopback"
        },
        "ansible_local": {},
        "ansible_lsb": {},
        "ansible_machine": "x86_64",
        "ansible_machine_id": "ec29867c46ac04881f5989cce2b68bd6",
        "ansible_memfree_mb": 259,
        "ansible_memory_mb": {
            "nocache": {
                "free": 785,
                "used": 159
            },
            "real": {
                "free": 259,
                "total": 944,
                "used": 685
            },
            "swap": {
                "cached": 0,
                "free": 0,
                "total": 0,
                "used": 0
            }
        },
        "ansible_memtotal_mb": 944,
        "ansible_mounts": [
            {
                "block_available": 1687341,
                "block_size": 4096,
                "block_total": 2094075,
                "block_used": 406734,
                "device": "/dev/nvme0n1p1",
                "fstype": "xfs",
                "inode_available": 4144392,
                "inode_total": 4193216,
                "inode_used": 48824,
                "mount": "/",
                "options": "rw,noatime,attr2,inode64,noquota",
                "size_available": 6911348736,
                "size_total": 8577331200,
                "uuid": "ec69ceb8-312b-4316-83c6-ad664a88eb7a"
            }
        ],
        "ansible_nodename": "ip-172-31-46-222.ec2.internal",
        "ansible_os_family": "RedHat",
        "ansible_pkg_mgr": "yum",
        "ansible_proc_cmdline": {
            "BOOT_IMAGE": "/boot/vmlinuz-4.14.336-253.554.amzn2.x86_64",
            "biosdevname": "0",
            "console": [
                "tty0",
                "ttyS0,115200n8"
            ],
            "net.ifnames": "0",
            "nvme_core.io_timeout": "4294967295",
            "rd.emergency": "poweroff",
            "rd.shell": "0",
            "ro": true,
            "root": "UUID=ec69ceb8-312b-4316-83c6-ad664a88eb7a"
        },
        "ansible_processor": [
            "0",
            "GenuineIntel",
            "Intel(R) Xeon(R) Platinum 8259CL CPU @ 2.50GHz",
            "1",
            "GenuineIntel",
            "Intel(R) Xeon(R) Platinum 8259CL CPU @ 2.50GHz"
        ],
        "ansible_processor_cores": 1,
        "ansible_processor_count": 1,
        "ansible_processor_nproc": 2,
        "ansible_processor_threads_per_core": 2,
        "ansible_processor_vcpus": 2,
        "ansible_product_name": "t3.micro",
        "ansible_product_serial": "NA",
        "ansible_product_uuid": "NA",
        "ansible_product_version": "NA",
        "ansible_python": {
            "executable": "/usr/bin/python3.7",
            "has_sslcontext": true,
            "type": "cpython",
            "version": {
                "major": 3,
                "micro": 16,
                "minor": 7,
                "releaselevel": "final",
                "serial": 0
            },
            "version_info": [
                3,
                7,
                16,
                "final",
                0
            ]
        },
        "ansible_python_version": "3.7.16",
        "ansible_real_group_id": 1000,
        "ansible_real_user_id": 1000,
        "ansible_selinux": {
            "status": "disabled"
        },
        "ansible_selinux_python_present": true,
        "ansible_service_mgr": "systemd",
        "ansible_ssh_host_key_ecdsa_public": "AAAAE2VjZHNhLXNoYTItbmlzdHAyNTYAAAAIbmlzdHAyNTYAAABBBHJuPReVrmQOXYFn12rHX1MdQhrUEFNKzQdq0W3j8ej4PZPoQTBZojHnlkz9714UPtOIXNum+W3K8oz30ukA/4Q=",
        "ansible_ssh_host_key_ecdsa_public_keytype": "ecdsa-sha2-nistp256",
        "ansible_ssh_host_key_ed25519_public": "AAAAC3NzaC1lZDI1NTE5AAAAIGyfzRwcwcKl8rs/84uyC3QmrDmLsMsAfKblznzR6GvS",
        "ansible_ssh_host_key_ed25519_public_keytype": "ssh-ed25519",
        "ansible_ssh_host_key_rsa_public": "AAAAB3NzaC1yc2EAAAADAQABAAABAQDHIbSDOS2mbz/AC9mgxOpsoeA+GQTie1zmNaSA+PzIWiFBO+KoTy15jtcQxBYR9vYiNPk1lOszlY0TNU7Kc1hSGXikD10sQyblK8N6phg7GdAVlfKcUVkw43MDhfLcuXukL4nvl6L5zgdCj6iTvgK5ANzdhTWK+4OKPa/FZQo4cbVPeWyg6XWzLuA9fjfEsBDmhBnU5DBxlRhOp9YuiQD+PIAT+/OvrX7quD1u/ZB1w3PGBWrv/LtEPmtdUsg/y+RTMqjqciaFrbFLS6cN1DephX36RFwHoGodRCRU/mg/SVI6iEpyraw1ubpicFVeKySujwxrLFU28uSqHjTaYMw3",
        "ansible_ssh_host_key_rsa_public_keytype": "ssh-rsa",
        "ansible_swapfree_mb": 0,
        "ansible_swaptotal_mb": 0,
        "ansible_system": "Linux",
        "ansible_system_capabilities": [
            ""
        ],
        "ansible_system_capabilities_enforced": "True",
        "ansible_system_vendor": "Amazon EC2",
        "ansible_uptime_seconds": 10970,
        "ansible_user_dir": "/home/ec2-user",
        "ansible_user_gecos": "EC2 Default User",
        "ansible_user_gid": 1000,
        "ansible_user_id": "ec2-user",
        "ansible_user_shell": "/bin/bash",
        "ansible_user_uid": 1000,
        "ansible_userspace_architecture": "x86_64",
        "ansible_userspace_bits": "64",
        "ansible_virtualization_role": "guest",
        "ansible_virtualization_tech_guest": [
            "kvm"
        ],
        "ansible_virtualization_tech_host": [],
        "ansible_virtualization_type": "kvm",
        "discovered_interpreter_python": "/usr/bin/python3.7",
        "gather_subset": [
            "all"
        ],
        "module_setup": true
    },
    "changed": false
}
2024-01-27 18:10:08,752 p=3660 u=ec2-user n=ansible | 172.31.46.222 | SUCCESS => {
    "ansible_facts": {
        "ansible_all_ipv4_addresses": [
            "172.31.46.222"
        ],
        "ansible_all_ipv6_addresses": [
            "fe80::c62:6fff:fef0:7723"
        ],
        "ansible_apparmor": {
            "status": "disabled"
        },
        "ansible_architecture": "x86_64",
        "ansible_bios_date": "10/16/2017",
        "ansible_bios_vendor": "Amazon EC2",
        "ansible_bios_version": "1.0",
        "ansible_board_asset_tag": "i-062ea1ae25fa659a9",
        "ansible_board_name": "NA",
        "ansible_board_serial": "NA",
        "ansible_board_vendor": "Amazon EC2",
        "ansible_board_version": "NA",
        "ansible_chassis_asset_tag": "Amazon EC2",
        "ansible_chassis_serial": "NA",
        "ansible_chassis_vendor": "Amazon EC2",
        "ansible_chassis_version": "NA",
        "ansible_cmdline": {
            "BOOT_IMAGE": "/boot/vmlinuz-4.14.336-253.554.amzn2.x86_64",
            "biosdevname": "0",
            "console": "ttyS0,115200n8",
            "net.ifnames": "0",
            "nvme_core.io_timeout": "4294967295",
            "rd.emergency": "poweroff",
            "rd.shell": "0",
            "ro": true,
            "root": "UUID=ec69ceb8-312b-4316-83c6-ad664a88eb7a"
        },
        "ansible_date_time": {
            "date": "2024-01-27",
            "day": "27",
            "epoch": "1706379008",
            "epoch_int": "1706379008",
            "hour": "18",
            "iso8601": "2024-01-27T18:10:08Z",
            "iso8601_basic": "20240127T181008653509",
            "iso8601_basic_short": "20240127T181008",
            "iso8601_micro": "2024-01-27T18:10:08.653509Z",
            "minute": "10",
            "month": "01",
            "second": "08",
            "time": "18:10:08",
            "tz": "UTC",
            "tz_dst": "UTC",
            "tz_offset": "+0000",
            "weekday": "Saturday",
            "weekday_number": "6",
            "weeknumber": "04",
            "year": "2024"
        },
        "ansible_default_ipv4": {
            "address": "172.31.46.222",
            "alias": "eth0",
            "broadcast": "172.31.47.255",
            "gateway": "172.31.32.1",
            "interface": "eth0",
            "macaddress": "0e:62:6f:f0:77:23",
            "mtu": 9001,
            "netmask": "255.255.240.0",
            "network": "172.31.32.0",
            "prefix": "20",
            "type": "ether"
        },
        "ansible_default_ipv6": {},
        "ansible_device_links": {
            "ids": {
                "nvme0n1": [
                    "nvme-Amazon_Elastic_Block_Store_vol05694a8a2b49e8be1",
                    "nvme-Amazon_Elastic_Block_Store_vol05694a8a2b49e8be1-ns-1",
                    "nvme-nvme.1d0f-766f6c3035363934613861326234396538626531-416d617a6f6e20456c617374696320426c6f636b2053746f7265-00000001"
                ],
                "nvme0n1p1": [
                    "nvme-Amazon_Elastic_Block_Store_vol05694a8a2b49e8be1-ns-1-part1",
                    "nvme-Amazon_Elastic_Block_Store_vol05694a8a2b49e8be1-part1",
                    "nvme-nvme.1d0f-766f6c3035363934613861326234396538626531-416d617a6f6e20456c617374696320426c6f636b2053746f7265-00000001-part1"
                ],
                "nvme0n1p128": [
                    "nvme-Amazon_Elastic_Block_Store_vol05694a8a2b49e8be1-ns-1-part128",
                    "nvme-Amazon_Elastic_Block_Store_vol05694a8a2b49e8be1-part128",
                    "nvme-nvme.1d0f-766f6c3035363934613861326234396538626531-416d617a6f6e20456c617374696320426c6f636b2053746f7265-00000001-part128"
                ]
            },
            "labels": {
                "nvme0n1p1": [
                    "\\x2f"
                ]
            },
            "masters": {},
            "uuids": {
                "nvme0n1p1": [
                    "ec69ceb8-312b-4316-83c6-ad664a88eb7a"
                ]
            }
        },
        "ansible_devices": {
            "nvme0n1": {
                "holders": [],
                "host": "Non-Volatile memory controller: Amazon.com, Inc. Device 8061",
                "links": {
                    "ids": [
                        "nvme-Amazon_Elastic_Block_Store_vol05694a8a2b49e8be1",
                        "nvme-Amazon_Elastic_Block_Store_vol05694a8a2b49e8be1-ns-1",
                        "nvme-nvme.1d0f-766f6c3035363934613861326234396538626531-416d617a6f6e20456c617374696320426c6f636b2053746f7265-00000001"
                    ],
                    "labels": [],
                    "masters": [],
                    "uuids": []
                },
                "model": "Amazon Elastic Block Store",
                "partitions": {
                    "nvme0n1p1": {
                        "holders": [],
                        "links": {
                            "ids": [
                                "nvme-Amazon_Elastic_Block_Store_vol05694a8a2b49e8be1-ns-1-part1",
                                "nvme-Amazon_Elastic_Block_Store_vol05694a8a2b49e8be1-part1",
                                "nvme-nvme.1d0f-766f6c3035363934613861326234396538626531-416d617a6f6e20456c617374696320426c6f636b2053746f7265-00000001-part1"
                            ],
                            "labels": [
                                "\\x2f"
                            ],
                            "masters": [],
                            "uuids": [
                                "ec69ceb8-312b-4316-83c6-ad664a88eb7a"
                            ]
                        },
                        "sectors": "16773087",
                        "sectorsize": 512,
                        "size": "8.00 GB",
                        "start": "4096",
                        "uuid": "ec69ceb8-312b-4316-83c6-ad664a88eb7a"
                    },
                    "nvme0n1p128": {
                        "holders": [],
                        "links": {
                            "ids": [
                                "nvme-Amazon_Elastic_Block_Store_vol05694a8a2b49e8be1-ns-1-part128",
                                "nvme-Amazon_Elastic_Block_Store_vol05694a8a2b49e8be1-part128",
                                "nvme-nvme.1d0f-766f6c3035363934613861326234396538626531-416d617a6f6e20456c617374696320426c6f636b2053746f7265-00000001-part128"
                            ],
                            "labels": [],
                            "masters": [],
                            "uuids": []
                        },
                        "sectors": "2048",
                        "sectorsize": 512,
                        "size": "1.00 MB",
                        "start": "2048",
                        "uuid": null
                    }
                },
                "removable": "0",
                "rotational": "0",
                "sas_address": null,
                "sas_device_handle": null,
                "scheduler_mode": "none",
                "sectors": "16777216",
                "sectorsize": "512",
                "serial": "vol05694a8a2b49e8be1",
                "size": "8.00 GB",
                "support_discard": "0",
                "vendor": null,
                "virtual": 1
            }
        },
        "ansible_distribution": "Amazon",
        "ansible_distribution_file_parsed": true,
        "ansible_distribution_file_path": "/etc/os-release",
        "ansible_distribution_file_variety": "Amazon",
        "ansible_distribution_major_version": "2",
        "ansible_distribution_minor_version": "NA",
        "ansible_distribution_release": "NA",
        "ansible_distribution_version": "2",
        "ansible_dns": {
            "nameservers": [
                "172.31.0.2"
            ],
            "options": {
                "attempts": "5",
                "timeout": "2"
            },
            "search": [
                "ec2.internal"
            ]
        },
        "ansible_domain": "ec2.internal",
        "ansible_effective_group_id": 1000,
        "ansible_effective_user_id": 1000,
        "ansible_env": {
            "HOME": "/home/ec2-user",
            "LANG": "en_US.UTF-8",
            "LESSOPEN": "||/usr/bin/lesspipe.sh %s",
            "LOGNAME": "ec2-user",
            "LS_COLORS": "rs=0:di=38;5;27:ln=38;5;51:mh=44;38;5;15:pi=40;38;5;11:so=38;5;13:do=38;5;5:bd=48;5;232;38;5;11:cd=48;5;232;38;5;3:or=48;5;232;38;5;9:mi=05;48;5;232;38;5;15:su=48;5;196;38;5;15:sg=48;5;11;38;5;16:ca=48;5;196;38;5;226:tw=48;5;10;38;5;16:ow=48;5;10;38;5;21:st=48;5;21;38;5;15:ex=38;5;34:*.tar=38;5;9:*.tgz=38;5;9:*.arc=38;5;9:*.arj=38;5;9:*.taz=38;5;9:*.lha=38;5;9:*.lz4=38;5;9:*.lzh=38;5;9:*.lzma=38;5;9:*.tlz=38;5;9:*.txz=38;5;9:*.tzo=38;5;9:*.t7z=38;5;9:*.zip=38;5;9:*.z=38;5;9:*.Z=38;5;9:*.dz=38;5;9:*.gz=38;5;9:*.lrz=38;5;9:*.lz=38;5;9:*.lzo=38;5;9:*.xz=38;5;9:*.bz2=38;5;9:*.bz=38;5;9:*.tbz=38;5;9:*.tbz2=38;5;9:*.tz=38;5;9:*.deb=38;5;9:*.rpm=38;5;9:*.jar=38;5;9:*.war=38;5;9:*.ear=38;5;9:*.sar=38;5;9:*.rar=38;5;9:*.alz=38;5;9:*.ace=38;5;9:*.zoo=38;5;9:*.cpio=38;5;9:*.7z=38;5;9:*.rz=38;5;9:*.cab=38;5;9:*.jpg=38;5;13:*.jpeg=38;5;13:*.gif=38;5;13:*.bmp=38;5;13:*.pbm=38;5;13:*.pgm=38;5;13:*.ppm=38;5;13:*.tga=38;5;13:*.xbm=38;5;13:*.xpm=38;5;13:*.tif=38;5;13:*.tiff=38;5;13:*.png=38;5;13:*.svg=38;5;13:*.svgz=38;5;13:*.mng=38;5;13:*.pcx=38;5;13:*.mov=38;5;13:*.mpg=38;5;13:*.mpeg=38;5;13:*.m2v=38;5;13:*.mkv=38;5;13:*.webm=38;5;13:*.ogm=38;5;13:*.mp4=38;5;13:*.m4v=38;5;13:*.mp4v=38;5;13:*.vob=38;5;13:*.qt=38;5;13:*.nuv=38;5;13:*.wmv=38;5;13:*.asf=38;5;13:*.rm=38;5;13:*.rmvb=38;5;13:*.flc=38;5;13:*.avi=38;5;13:*.fli=38;5;13:*.flv=38;5;13:*.gl=38;5;13:*.dl=38;5;13:*.xcf=38;5;13:*.xwd=38;5;13:*.yuv=38;5;13:*.cgm=38;5;13:*.emf=38;5;13:*.axv=38;5;13:*.anx=38;5;13:*.ogv=38;5;13:*.ogx=38;5;13:*.aac=38;5;45:*.au=38;5;45:*.flac=38;5;45:*.mid=38;5;45:*.midi=38;5;45:*.mka=38;5;45:*.mp3=38;5;45:*.mpc=38;5;45:*.ogg=38;5;45:*.ra=38;5;45:*.wav=38;5;45:*.axa=38;5;45:*.oga=38;5;45:*.spx=38;5;45:*.xspf=38;5;45:",
            "MAIL": "/var/mail/ec2-user",
            "PATH": "/usr/local/bin:/usr/bin",
            "PWD": "/home/ec2-user",
            "SHELL": "/bin/bash",
            "SHLVL": "2",
            "SSH_CLIENT": "172.31.45.103 35106 22",
            "SSH_CONNECTION": "172.31.45.103 35106 172.31.46.222 22",
            "SSH_TTY": "/dev/pts/1",
            "TERM": "xterm-256color",
            "USER": "ec2-user",
            "XDG_RUNTIME_DIR": "/run/user/1000",
            "XDG_SESSION_ID": "28",
            "_": "/usr/bin/python3.7"
        },
        "ansible_eth0": {
            "active": true,
            "device": "eth0",
            "features": {
                "esp_hw_offload": "off [fixed]",
                "esp_tx_csum_hw_offload": "off [fixed]",
                "fcoe_mtu": "off [fixed]",
                "generic_receive_offload": "on",
                "generic_segmentation_offload": "on",
                "highdma": "on",
                "hw_tc_offload": "off [fixed]",
                "l2_fwd_offload": "off [fixed]",
                "large_receive_offload": "off [fixed]",
                "loopback": "off [fixed]",
                "netns_local": "off [fixed]",
                "ntuple_filters": "off [fixed]",
                "receive_hashing": "on",
                "rx_all": "off [fixed]",
                "rx_checksumming": "off [fixed]",
                "rx_fcs": "off [fixed]",
                "rx_udp_tunnel_port_offload": "off [fixed]",
                "rx_vlan_filter": "off [fixed]",
                "rx_vlan_offload": "off [fixed]",
                "rx_vlan_stag_filter": "off [fixed]",
                "rx_vlan_stag_hw_parse": "off [fixed]",
                "scatter_gather": "on",
                "tcp_segmentation_offload": "off",
                "tx_checksum_fcoe_crc": "off [fixed]",
                "tx_checksum_ip_generic": "off [fixed]",
                "tx_checksum_ipv4": "on",
                "tx_checksum_ipv6": "on",
                "tx_checksum_sctp": "off [fixed]",
                "tx_checksumming": "on",
                "tx_esp_segmentation": "off [fixed]",
                "tx_fcoe_segmentation": "off [fixed]",
                "tx_gre_csum_segmentation": "off [fixed]",
                "tx_gre_segmentation": "off [fixed]",
                "tx_gso_partial": "off [fixed]",
                "tx_gso_robust": "off [fixed]",
                "tx_ipxip4_segmentation": "off [fixed]",
                "tx_ipxip6_segmentation": "off [fixed]",
                "tx_lockless": "off [fixed]",
                "tx_nocache_copy": "off",
                "tx_scatter_gather": "on",
                "tx_scatter_gather_fraglist": "off [fixed]",
                "tx_sctp_segmentation": "off [fixed]",
                "tx_tcp6_segmentation": "off [fixed]",
                "tx_tcp_ecn_segmentation": "off [fixed]",
                "tx_tcp_mangleid_segmentation": "off [fixed]",
                "tx_tcp_segmentation": "off [fixed]",
                "tx_udp_tnl_csum_segmentation": "off [fixed]",
                "tx_udp_tnl_segmentation": "off [fixed]",
                "tx_vlan_offload": "off [fixed]",
                "tx_vlan_stag_hw_insert": "off [fixed]",
                "udp_fragmentation_offload": "off",
                "vlan_challenged": "off [fixed]"
            },
            "hw_timestamp_filters": [],
            "ipv4": {
                "address": "172.31.46.222",
                "broadcast": "172.31.47.255",
                "netmask": "255.255.240.0",
                "network": "172.31.32.0",
                "prefix": "20"
            },
            "ipv6": [
                {
                    "address": "fe80::c62:6fff:fef0:7723",
                    "prefix": "64",
                    "scope": "link"
                }
            ],
            "macaddress": "0e:62:6f:f0:77:23",
            "module": "ena",
            "mtu": 9001,
            "pciid": "0000:00:05.0",
            "promisc": false,
            "timestamping": [
                "tx_software",
                "rx_software",
                "software"
            ],
            "type": "ether"
        },
        "ansible_fibre_channel_wwn": [],
        "ansible_fips": false,
        "ansible_form_factor": "Other",
        "ansible_fqdn": "ip-172-31-46-222.ec2.internal",
        "ansible_hostname": "ip-172-31-46-222",
        "ansible_hostnqn": "",
        "ansible_interfaces": [
            "eth0",
            "lo"
        ],
        "ansible_is_chroot": true,
        "ansible_iscsi_iqn": "",
        "ansible_kernel": "4.14.336-253.554.amzn2.x86_64",
        "ansible_kernel_version": "#1 SMP Fri Jan 12 09:58:17 UTC 2024",
        "ansible_lo": {
            "active": true,
            "device": "lo",
            "features": {
                "esp_hw_offload": "off [fixed]",
                "esp_tx_csum_hw_offload": "off [fixed]",
                "fcoe_mtu": "off [fixed]",
                "generic_receive_offload": "on",
                "generic_segmentation_offload": "on",
                "highdma": "on [fixed]",
                "hw_tc_offload": "off [fixed]",
                "l2_fwd_offload": "off [fixed]",
                "large_receive_offload": "off [fixed]",
                "loopback": "on [fixed]",
                "netns_local": "on [fixed]",
                "ntuple_filters": "off [fixed]",
                "receive_hashing": "off [fixed]",
                "rx_all": "off [fixed]",
                "rx_checksumming": "on [fixed]",
                "rx_fcs": "off [fixed]",
                "rx_udp_tunnel_port_offload": "off [fixed]",
                "rx_vlan_filter": "off [fixed]",
                "rx_vlan_offload": "off [fixed]",
                "rx_vlan_stag_filter": "off [fixed]",
                "rx_vlan_stag_hw_parse": "off [fixed]",
                "scatter_gather": "on",
                "tcp_segmentation_offload": "on",
                "tx_checksum_fcoe_crc": "off [fixed]",
                "tx_checksum_ip_generic": "on [fixed]",
                "tx_checksum_ipv4": "off [fixed]",
                "tx_checksum_ipv6": "off [fixed]",
                "tx_checksum_sctp": "on [fixed]",
                "tx_checksumming": "on",
                "tx_esp_segmentation": "off [fixed]",
                "tx_fcoe_segmentation": "off [fixed]",
                "tx_gre_csum_segmentation": "off [fixed]",
                "tx_gre_segmentation": "off [fixed]",
                "tx_gso_partial": "off [fixed]",
                "tx_gso_robust": "off [fixed]",
                "tx_ipxip4_segmentation": "off [fixed]",
                "tx_ipxip6_segmentation": "off [fixed]",
                "tx_lockless": "on [fixed]",
                "tx_nocache_copy": "off [fixed]",
                "tx_scatter_gather": "on [fixed]",
                "tx_scatter_gather_fraglist": "on [fixed]",
                "tx_sctp_segmentation": "on",
                "tx_tcp6_segmentation": "on",
                "tx_tcp_ecn_segmentation": "on",
                "tx_tcp_mangleid_segmentation": "on",
                "tx_tcp_segmentation": "on",
                "tx_udp_tnl_csum_segmentation": "off [fixed]",
                "tx_udp_tnl_segmentation": "off [fixed]",
                "tx_vlan_offload": "off [fixed]",
                "tx_vlan_stag_hw_insert": "off [fixed]",
                "udp_fragmentation_offload": "off",
                "vlan_challenged": "on [fixed]"
            },
            "hw_timestamp_filters": [],
            "ipv4": {
                "address": "127.0.0.1",
                "broadcast": "",
                "netmask": "255.0.0.0",
                "network": "127.0.0.0",
                "prefix": "8"
            },
            "ipv6": [
                {
                    "address": "::1",
                    "prefix": "128",
                    "scope": "host"
                }
            ],
            "mtu": 65536,
            "promisc": false,
            "timestamping": [
                "tx_software",
                "rx_software",
                "software"
            ],
            "type": "loopback"
        },
        "ansible_local": {},
        "ansible_lsb": {},
        "ansible_machine": "x86_64",
        "ansible_machine_id": "ec29867c46ac04881f5989cce2b68bd6",
        "ansible_memfree_mb": 257,
        "ansible_memory_mb": {
            "nocache": {
                "free": 785,
                "used": 159
            },
            "real": {
                "free": 257,
                "total": 944,
                "used": 687
            },
            "swap": {
                "cached": 0,
                "free": 0,
                "total": 0,
                "used": 0
            }
        },
        "ansible_memtotal_mb": 944,
        "ansible_mounts": [
            {
                "block_available": 1687329,
                "block_size": 4096,
                "block_total": 2094075,
                "block_used": 406746,
                "device": "/dev/nvme0n1p1",
                "fstype": "xfs",
                "inode_available": 4144392,
                "inode_total": 4193216,
                "inode_used": 48824,
                "mount": "/",
                "options": "rw,noatime,attr2,inode64,noquota",
                "size_available": 6911299584,
                "size_total": 8577331200,
                "uuid": "ec69ceb8-312b-4316-83c6-ad664a88eb7a"
            }
        ],
        "ansible_nodename": "ip-172-31-46-222.ec2.internal",
        "ansible_os_family": "RedHat",
        "ansible_pkg_mgr": "yum",
        "ansible_proc_cmdline": {
            "BOOT_IMAGE": "/boot/vmlinuz-4.14.336-253.554.amzn2.x86_64",
            "biosdevname": "0",
            "console": [
                "tty0",
                "ttyS0,115200n8"
            ],
            "net.ifnames": "0",
            "nvme_core.io_timeout": "4294967295",
            "rd.emergency": "poweroff",
            "rd.shell": "0",
            "ro": true,
            "root": "UUID=ec69ceb8-312b-4316-83c6-ad664a88eb7a"
        },
        "ansible_processor": [
            "0",
            "GenuineIntel",
            "Intel(R) Xeon(R) Platinum 8259CL CPU @ 2.50GHz",
            "1",
            "GenuineIntel",
            "Intel(R) Xeon(R) Platinum 8259CL CPU @ 2.50GHz"
        ],
        "ansible_processor_cores": 1,
        "ansible_processor_count": 1,
        "ansible_processor_nproc": 2,
        "ansible_processor_threads_per_core": 2,
        "ansible_processor_vcpus": 2,
        "ansible_product_name": "t3.micro",
        "ansible_product_serial": "NA",
        "ansible_product_uuid": "NA",
        "ansible_product_version": "NA",
        "ansible_python": {
            "executable": "/usr/bin/python3.7",
            "has_sslcontext": true,
            "type": "cpython",
            "version": {
                "major": 3,
                "micro": 16,
                "minor": 7,
                "releaselevel": "final",
                "serial": 0
            },
            "version_info": [
                3,
                7,
                16,
                "final",
                0
            ]
        },
        "ansible_python_version": "3.7.16",
        "ansible_real_group_id": 1000,
        "ansible_real_user_id": 1000,
        "ansible_selinux": {
            "status": "disabled"
        },
        "ansible_selinux_python_present": true,
        "ansible_service_mgr": "systemd",
        "ansible_ssh_host_key_ecdsa_public": "AAAAE2VjZHNhLXNoYTItbmlzdHAyNTYAAAAIbmlzdHAyNTYAAABBBHJuPReVrmQOXYFn12rHX1MdQhrUEFNKzQdq0W3j8ej4PZPoQTBZojHnlkz9714UPtOIXNum+W3K8oz30ukA/4Q=",
        "ansible_ssh_host_key_ecdsa_public_keytype": "ecdsa-sha2-nistp256",
        "ansible_ssh_host_key_ed25519_public": "AAAAC3NzaC1lZDI1NTE5AAAAIGyfzRwcwcKl8rs/84uyC3QmrDmLsMsAfKblznzR6GvS",
        "ansible_ssh_host_key_ed25519_public_keytype": "ssh-ed25519",
        "ansible_ssh_host_key_rsa_public": "AAAAB3NzaC1yc2EAAAADAQABAAABAQDHIbSDOS2mbz/AC9mgxOpsoeA+GQTie1zmNaSA+PzIWiFBO+KoTy15jtcQxBYR9vYiNPk1lOszlY0TNU7Kc1hSGXikD10sQyblK8N6phg7GdAVlfKcUVkw43MDhfLcuXukL4nvl6L5zgdCj6iTvgK5ANzdhTWK+4OKPa/FZQo4cbVPeWyg6XWzLuA9fjfEsBDmhBnU5DBxlRhOp9YuiQD+PIAT+/OvrX7quD1u/ZB1w3PGBWrv/LtEPmtdUsg/y+RTMqjqciaFrbFLS6cN1DephX36RFwHoGodRCRU/mg/SVI6iEpyraw1ubpicFVeKySujwxrLFU28uSqHjTaYMw3",
        "ansible_ssh_host_key_rsa_public_keytype": "ssh-rsa",
        "ansible_swapfree_mb": 0,
        "ansible_swaptotal_mb": 0,
        "ansible_system": "Linux",
        "ansible_system_capabilities": [
            ""
        ],
        "ansible_system_capabilities_enforced": "True",
        "ansible_system_vendor": "Amazon EC2",
        "ansible_uptime_seconds": 11088,
        "ansible_user_dir": "/home/ec2-user",
        "ansible_user_gecos": "EC2 Default User",
        "ansible_user_gid": 1000,
        "ansible_user_id": "ec2-user",
        "ansible_user_shell": "/bin/bash",
        "ansible_user_uid": 1000,
        "ansible_userspace_architecture": "x86_64",
        "ansible_userspace_bits": "64",
        "ansible_virtualization_role": "guest",
        "ansible_virtualization_tech_guest": [
            "kvm"
        ],
        "ansible_virtualization_tech_host": [],
        "ansible_virtualization_type": "kvm",
        "discovered_interpreter_python": "/usr/bin/python3.7",
        "gather_subset": [
            "all"
        ],
        "module_setup": true
    },
    "changed": false
}
2024-01-27 18:26:32,600 p=4016 u=ec2-user n=ansible | PLAY [db] ***************************************************************************************************************************************************************************
2024-01-27 18:26:32,613 p=4016 u=ec2-user n=ansible | TASK [Gathering Facts] **************************************************************************************************************************************************************
2024-01-27 18:26:34,346 p=4016 u=ec2-user n=ansible | ok: [172.31.46.222]
2024-01-27 18:26:34,359 p=4016 u=ec2-user n=ansible | TASK [apache : Install httpd] *******************************************************************************************************************************************************
2024-01-27 18:26:35,820 p=4016 u=ec2-user n=ansible | ok: [172.31.46.222]
2024-01-27 18:26:35,826 p=4016 u=ec2-user n=ansible | TASK [apache : Start httpd daemon] **************************************************************************************************************************************************
2024-01-27 18:26:36,741 p=4016 u=ec2-user n=ansible | ok: [172.31.46.222]
2024-01-27 18:26:36,749 p=4016 u=ec2-user n=ansible | TASK [apache : Copy Index file to server] *******************************************************************************************************************************************
2024-01-27 18:26:37,875 p=4016 u=ec2-user n=ansible | ok: [172.31.46.222]
2024-01-27 18:26:37,890 p=4016 u=ec2-user n=ansible | TASK [system : Update server] *******************************************************************************************************************************************************
2024-01-27 18:26:40,783 p=4016 u=ec2-user n=ansible | ok: [172.31.46.222]
2024-01-27 18:26:40,797 p=4016 u=ec2-user n=ansible | TASK [java : Include OS-specific variables for Fedora or FreeBSD.] ******************************************************************************************************************
2024-01-27 18:26:40,814 p=4016 u=ec2-user n=ansible | skipping: [172.31.46.222]
2024-01-27 18:26:40,821 p=4016 u=ec2-user n=ansible | TASK [java : Include version-specific variables for CentOS/RHEL.] *******************************************************************************************************************
2024-01-27 18:26:40,862 p=4016 u=ec2-user n=ansible | ok: [172.31.46.222]
2024-01-27 18:26:40,869 p=4016 u=ec2-user n=ansible | TASK [java : Include version-specific variables for Ubuntu.] ************************************************************************************************************************
2024-01-27 18:26:40,883 p=4016 u=ec2-user n=ansible | skipping: [172.31.46.222]
2024-01-27 18:26:40,890 p=4016 u=ec2-user n=ansible | TASK [java : Include version-specific variables for Debian.] ************************************************************************************************************************
2024-01-27 18:26:40,903 p=4016 u=ec2-user n=ansible | skipping: [172.31.46.222]
2024-01-27 18:26:40,910 p=4016 u=ec2-user n=ansible | TASK [java : Define java_packages.] *************************************************************************************************************************************************
2024-01-27 18:26:40,982 p=4016 u=ec2-user n=ansible | ok: [172.31.46.222]
2024-01-27 18:26:40,990 p=4016 u=ec2-user n=ansible | TASK [java : include_tasks] *********************************************************************************************************************************************************
2024-01-27 18:26:41,016 p=4016 u=ec2-user n=ansible | included: /home/ec2-user/ansible-dev/roles/java/tasks/setup-RedHat.yml for 172.31.46.222
2024-01-27 18:26:41,025 p=4016 u=ec2-user n=ansible | TASK [java : Ensure Java is installed.] *********************************************************************************************************************************************
2024-01-27 18:27:06,352 p=4016 u=ec2-user n=ansible | changed: [172.31.46.222]
2024-01-27 18:27:06,370 p=4016 u=ec2-user n=ansible | TASK [java : include_tasks] *********************************************************************************************************************************************************
2024-01-27 18:27:06,388 p=4016 u=ec2-user n=ansible | skipping: [172.31.46.222]
2024-01-27 18:27:06,397 p=4016 u=ec2-user n=ansible | TASK [java : include_tasks] *********************************************************************************************************************************************************
2024-01-27 18:27:06,413 p=4016 u=ec2-user n=ansible | skipping: [172.31.46.222]
2024-01-27 18:27:06,429 p=4016 u=ec2-user n=ansible | TASK [java : Set JAVA_HOME if configured.] ******************************************************************************************************************************************
2024-01-27 18:27:06,449 p=4016 u=ec2-user n=ansible | skipping: [172.31.46.222]
2024-01-27 18:27:06,468 p=4016 u=ec2-user n=ansible | PLAY RECAP **************************************************************************************************************************************************************************
2024-01-27 18:27:06,468 p=4016 u=ec2-user n=ansible | 172.31.46.222              : ok=9    changed=1    unreachable=0    failed=0    skipped=6    rescued=0    ignored=0   
